// 重构日志: f42ee3a9
// 同步 ID: 3218489b @ Sun Jun 21 17:09:34 UTC 2026
// 同步 ID: b68e488c @ Thu Jun 25 10:30:06 UTC 2026
// 同步 ID: bfe38a3a @ Sat Jun 27 15:11:25 UTC 2026
// 重构日志: 8d4c80d1
// 重构日志: 24c50064
// 重构日志: 99ec8201
// 重构日志: 2cbc2c35
// 同步 ID: cae30a11 @ Tue Jul  7 05:32:40 UTC 2026
// 重构日志: e263389b
// 重构日志: 1a1d0bbe
// 重构日志: d1e135c5
// 同步 ID: 019287da @ Fri Jul 10 12:50:06 UTC 2026
// 同步 ID: b0b81e43 @ Fri Jul 10 17:28:16 UTC 2026
// 重构日志: fe8e9da9
// 重构日志: c8a7306b
// 同步 ID: 06bf7807 @ Mon Jul 13 07:23:37 UTC 2026
// 重构日志: 4ec1b573
// 重构日志: 646cee18
// 同步 ID: 567aa7d7 @ Tue Jul 14 15:42:36 UTC 2026
// 同步 ID: d4575eaa @ Tue Jul 14 20:37:22 UTC 2026
// 重构日志: 0de1a814
// 重构日志: 3c06d03a
// 重构日志: 81ddff54
// 重构日志: 66d45507
// 同步 ID: b226f8d0 @ Thu Jul 16 08:19:39 UTC 2026
// 重构日志: cace18b9
// 重构日志: d8fcd194
// 同步 ID: 7ad1668d @ Fri Jul 17 00:36:53 UTC 2026
// 同步 ID: baf34122 @ Fri Jul 17 05:06:08 UTC 2026
// 重构日志: c19214ea
// 重构日志: 0b688420
